# JRE version: Java(TM) SE Runtime Environment (8.0_144-b01) (build 1.8.0_144-b01)
# Java VM: Java HotSpot(TM) 64-Bit Server VM (25.144-b01 mixed mode bsd-amd64 compressed oops)
Heap:
 PSYoungGen      total 141824K, used 136060K [0x00000007b0000000, 0x00000007c0000000, 0x00000007c0000000)
  eden space 131072K, 96% used [0x00000007b0000000,0x00000007b7ae8cb0,0x00000007b8000000)
  from space 10752K, 94% used [0x00000007b8000000,0x00000007b89f64e0,0x00000007b8a80000)
  to   space 10752K, 0% used [0x00000007bf580000,0x00000007bf580000,0x00000007c0000000)
 ParOldGen       total 397824K, used 179814K [0x0000000790000000, 0x00000007a8480000, 0x00000007b0000000)
  object space 397824K, 45% used [0x0000000790000000,0x000000079af99af0,0x00000007a8480000)
 Metaspace       used 4448K, capacity 4954K, committed 5248K, reserved 1056768K
  class space    used 479K, capacity 545K, committed 640K, reserved 1048576K
GC Heap History (8 events):
Event: 0.687 GC heap before
{Heap before GC invocations=1 (full 0):
 PSYoungGen      total 76288K, used 65536K [0x00000007b0000000, 0x00000007b5500000, 0x00000007c0000000)
  eden space 65536K, 100% used [0x00000007b0000000,0x00000007b4000000,0x00000007b4000000)
  from space 10752K, 0% used [0x00000007b4a80000,0x00000007b4a80000,0x00000007b5500000)
  to   space 10752K, 0% used [0x00000007b4000000,0x00000007b4000000,0x00000007b4a80000)
 ParOldGen       total 175104K, used 0K [0x0000000790000000, 0x000000079ab00000, 0x00000007b0000000)
  object space 175104K, 0% used [0x0000000790000000,0x0000000790000000,0x000000079ab00000)
 Metaspace       used 4237K, capacity 4820K, committed 4992K, reserved 1056768K
  class space    used 468K, capacity 544K, committed 640K, reserved 1048576K
Event: 0.730 GC heap after
Heap after GC invocations=1 (full 0):
 PSYoungGen      total 76288K, used 10720K [0x00000007b0000000, 0x00000007b9500000, 0x00000007c0000000)
  eden space 65536K, 0% used [0x00000007b0000000,0x00000007b0000000,0x00000007b4000000)
  from space 10752K, 99% used [0x00000007b4000000,0x00000007b4a78050,0x00000007b4a80000)
  to   space 10752K, 0% used [0x00000007b8a80000,0x00000007b8a80000,0x00000007b9500000)
 ParOldGen       total 175104K, used 35272K [0x0000000790000000, 0x000000079ab00000, 0x00000007b0000000)
  object space 175104K, 20% used [0x0000000790000000,0x0000000792272140,0x000000079ab00000)
 Metaspace       used 4237K, capacity 4820K, committed 4992K, reserved 1056768K
  class space    used 468K, capacity 544K, committed 640K, reserved 1048576K
}
Event: 0.921 GC heap before
{Heap before GC invocations=2 (full 0):
 PSYoungGen      total 76288K, used 76256K [0x00000007b0000000, 0x00000007b9500000, 0x00000007c0000000)
  eden space 65536K, 100% used [0x00000007b0000000,0x00000007b4000000,0x00000007b4000000)
  from space 10752K, 99% used [0x00000007b4000000,0x00000007b4a78050,0x00000007b4a80000)
  to   space 10752K, 0% used [0x00000007b8a80000,0x00000007b8a80000,0x00000007b9500000)
 ParOldGen       total 175104K, used 35272K [0x0000000790000000, 0x000000079ab00000, 0x00000007b0000000)
  object space 175104K, 20% used [0x0000000790000000,0x0000000792272140,0x000000079ab00000)
 Metaspace       used 4238K, capacity 4820K, committed 4992K, reserved 1056768K
  class space    used 468K, capacity 544K, committed 640K, reserved 1048576K
Event: 0.978 GC heap after
Heap after GC invocations=2 (full 0):
 PSYoungGen      total 141824K, used 10736K [0x00000007b0000000, 0x00000007b9500000, 0x00000007c0000000)
  eden space 131072K, 0% used [0x00000007b0000000,0x00000007b0000000,0x00000007b8000000)
  from space 10752K, 99% used [0x00000007b8a80000,0x00000007b94fc040,0x00000007b9500000)
  to   space 10752K, 0% used [0x00000007b8000000,0x00000007b8000000,0x00000007b8a80000)
 ParOldGen       total 175104K, used 83640K [0x0000000790000000, 0x000000079ab00000, 0x00000007b0000000)
  object space 175104K, 47% used [0x0000000790000000,0x00000007951ae140,0x000000079ab00000)
 Metaspace       used 4238K, capacity 4820K, committed 4992K, reserved 1056768K
  class space    used 468K, capacity 544K, committed 640K, reserved 1048576K
}
Event: 1.377 GC heap before
{Heap before GC invocations=3 (full 0):
 PSYoungGen      total 141824K, used 141808K [0x00000007b0000000, 0x00000007b9500000, 0x00000007c0000000)
  eden space 131072K, 100% used [0x00000007b0000000,0x00000007b8000000,0x00000007b8000000)
  from space 10752K, 99% used [0x00000007b8a80000,0x00000007b94fc040,0x00000007b9500000)
  to   space 10752K, 0% used [0x00000007b8000000,0x00000007b8000000,0x00000007b8a80000)
 ParOldGen       total 175104K, used 83640K [0x0000000790000000, 0x000000079ab00000, 0x00000007b0000000)
  object space 175104K, 47% used [0x0000000790000000,0x00000007951ae140,0x000000079ab00000)
 Metaspace       used 4238K, capacity 4820K, committed 4992K, reserved 1056768K
  class space    used 468K, capacity 544K, committed 640K, reserved 1048576K
Event: 1.513 GC heap after
Heap after GC invocations=3 (full 0):
 PSYoungGen      total 141824K, used 10720K [0x00000007b0000000, 0x00000007c0000000, 0x00000007c0000000)
  eden space 131072K, 0% used [0x00000007b0000000,0x00000007b0000000,0x00000007b8000000)
  from space 10752K, 99% used [0x00000007b8000000,0x00000007b8a78040,0x00000007b8a80000)
  to   space 10752K, 0% used [0x00000007bf580000,0x00000007bf580000,0x00000007c0000000)
 ParOldGen       total 180736K, used 179992K [0x0000000790000000, 0x000000079b080000, 0x00000007b0000000)
  object space 180736K, 99% used [0x0000000790000000,0x000000079afc6150,0x000000079b080000)
 Metaspace       used 4238K, capacity 4820K, committed 4992K, reserved 1056768K
  class space    used 468K, capacity 544K, committed 640K, reserved 1048576K
}
Event: 1.513 GC heap before
{Heap before GC invocations=4 (full 1):
 PSYoungGen      total 141824K, used 10720K [0x00000007b0000000, 0x00000007c0000000, 0x00000007c0000000)
  eden space 131072K, 0% used [0x00000007b0000000,0x00000007b0000000,0x00000007b8000000)
  from space 10752K, 99% used [0x00000007b8000000,0x00000007b8a78040,0x00000007b8a80000)
  to   space 10752K, 0% used [0x00000007bf580000,0x00000007bf580000,0x00000007c0000000)
 ParOldGen       total 180736K, used 179992K [0x0000000790000000, 0x000000079b080000, 0x00000007b0000000)
  object space 180736K, 99% used [0x0000000790000000,0x000000079afc6150,0x000000079b080000)
 Metaspace       used 4238K, capacity 4820K, committed 4992K, reserved 1056768K
  class space    used 468K, capacity 544K, committed 640K, reserved 1048576K
Event: 3.319 GC heap after
Heap after GC invocations=4 (full 1):
 PSYoungGen      total 141824K, used 10201K [0x00000007b0000000, 0x00000007c0000000, 0x00000007c0000000)
  eden space 131072K, 0% used [0x00000007b0000000,0x00000007b0000000,0x00000007b8000000)
  from space 10752K, 94% used [0x00000007b8000000,0x00000007b89f64e0,0x00000007b8a80000)
  to   space 10752K, 0% used [0x00000007bf580000,0x00000007bf580000,0x00000007c0000000)
 ParOldGen       total 397824K, used 179814K [0x0000000790000000, 0x00000007a8480000, 0x00000007b0000000)
  object space 397824K, 45% used [0x0000000790000000,0x000000079af99af0,0x00000007a8480000)
 Metaspace       used 4238K, capacity 4820K, committed 4992K, reserved 1056768K
  class space    used 468K, capacity 544K, committed 640K, reserved 1048576K
}

